Arguments: 
  /home/gongbaodd/.nvm/versions/node/v20.6.1/bin/node /home/gongbaodd/.nvm/versions/node/v20.6.1/bin/yarn config get registry

PATH: 
  /tmp/yarn--1727425115613-0.12689974385344294:/home/gongbaodd/.config/yarn/global/node_modules/.bin:/home/gongbaodd/.config/yarn/link/node_modules/.bin:/home/gongbaodd/.nvm/versions/node/v20.6.1/libexec/lib/node_modules/npm/bin/node-gyp-bin:/home/gongbaodd/.nvm/versions/node/v20.6.1/lib/node_modules/npm/bin/node-gyp-bin:/home/gongbaodd/.nvm/versions/node/v20.6.1/bin/node_modules/npm/bin/node-gyp-bin:/home/gongbaodd/.proto/shims:/home/gongbaodd/.proto/bin:/home/gongbaodd/.bun/bin:/home/gongbaodd/.nvm/versions/node/v20.6.1/bin:/home/linuxbrew/.linuxbrew/bin:/home/linuxbrew/.linuxbrew/sbin:/snap/bin:/home/gongbaodd/.local/bin:/home/gongbaodd/.cargo/bin:/usr/local/sbin:/usr/local/bin:/usr/sbin:/usr/bin:/sbin:/bin:/usr/games:/usr/local/games:/usr/lib/wsl/lib:/mnt/c/Program Files (x86)/Common Files/Oracle/Java/java8path:/mnt/c/Program Files (x86)/Common Files/Oracle/Java/javapath:/mnt/c/Program Files (x86)/VMware/VMware Workstation/bin/:/mnt/c/Program Files/Lapce/:/mnt/c/Program Files/Zulu/zulu-17/bin/:/mnt/c/Program Files/Eclipse Foundation/jdk-8.0.302.8-hotspot/bin:/mnt/c/Program Files/Oculus/Support/oculus-runtime:/mnt/c/Windows/system32:/mnt/c/Windows:/mnt/c/Windows/System32/Wbem:/mnt/c/Windows/System32/WindowsPowerShell/v1.0/:/mnt/c/Windows/System32/OpenSSH/:/mnt/c/Program Files (x86)/NVIDIA Corporation/PhysX/Common:/mnt/c/Program Files/NVIDIA Corporation/NVIDIA NvDLISR:/mnt/c/WINDOWS/system32:/mnt/c/WINDOWS:/mnt/c/WINDOWS/System32/Wbem:/mnt/c/WINDOWS/System32/WindowsPowerShell/v1.0/:/mnt/c/WINDOWS/System32/OpenSSH/:/mnt/c/ProgramData/chocolatey/bin:/mnt/c/Program Files/Docker/Docker/resources/bin:/mnt/c/Program Files/Git/cmd:/mnt/c/Program Files (x86)/Lua/5.1:/mnt/c/Program Files (x86)/Lua/5.1/clibs:/mnt/c/ProgramData/nvm:/mnt/c/Program Files/nodejs:/mnt/c/Program Files/dotnet/:/mnt/c/tools/winfetch:/mnt/c/Program Files/Microsoft SQL Server/130/Tools/Binn/:/mnt/c/Program Files/Microsoft SQL Server/Client SDK/ODBC/170/Tools/Binn/:/mnt/c/Program Files/Swift/runtime-development/usr/bin:/mnt/c/Library/Developer/Toolchains/unknown-Asserts-development.xctoolchain/usr/bin:/mnt/c/Program Files (x86)/Windows Kits/10/Windows Performance Toolkit/:/mnt/c/Library/Developer/SwiftFormat/usr/bin:/mnt/c/Program Files/nicklockwood/SwiftFormat/usr/bin:/mnt/c/Users/ASUS/AppData/Local/pnpm:/mnt/c/Users/ASUS/.cargo/bin:/mnt/c/Users/ASUS/AppData/Local/Microsoft/WindowsApps:/mnt/c/tools/neovim/nvim-win64/bin:/mnt/c/ProgramData/nvm:/mnt/c/Program Files/nodejs:/mnt/c/Program Files/Oracle/VirtualBox:/mnt/c/Users/ASUS/AppData/Local/Programs/oh-my-posh/bin:/mnt/c/Users/ASUS/AppData/Local/Programs/Microsoft VS Code/bin:/mnt/c/tools/flutter/bin:/mnt/c/Users/ASUS/.dotnet/tools:/usr/lib/jvm/java-8-openjdk-amd64/bin:/home/gongbaodd/Android/tools:/home/gongbaodd/Android/platform-tools

Yarn version: 
  1.22.19

Node version: 
  20.6.1

Platform: 
  linux x64

Trace: 
  TypeError: Cannot create property 'https' on string 'https://registry.yarnpkg.com'
      at set (/home/gongbaodd/.nvm/versions/node/v20.6.1/lib/node_modules/yarn/lib/cli.js:53951:28)
      at set (/home/gongbaodd/.nvm/versions/node/v20.6.1/lib/node_modules/yarn/lib/cli.js:53965:14)
      at set (/home/gongbaodd/.nvm/versions/node/v20.6.1/lib/node_modules/yarn/lib/cli.js:53945:16)
      at objectPath.set (/home/gongbaodd/.nvm/versions/node/v20.6.1/lib/node_modules/yarn/lib/cli.js:53998:14)
      at NpmRegistry.mergeEnv (/home/gongbaodd/.nvm/versions/node/v20.6.1/lib/node_modules/yarn/lib/cli.js:92160:18)
      at NpmRegistry.<anonymous> (/home/gongbaodd/.nvm/versions/node/v20.6.1/lib/node_modules/yarn/lib/cli.js:31950:12)
      at Generator.next (<anonymous>)
      at step (/home/gongbaodd/.nvm/versions/node/v20.6.1/lib/node_modules/yarn/lib/cli.js:310:30)
      at /home/gongbaodd/.nvm/versions/node/v20.6.1/lib/node_modules/yarn/lib/cli.js:328:14
      at new Promise (<anonymous>)

npm manifest: 
  No manifest

yarn manifest: 
  No manifest

Lockfile: 
  # THIS IS AN AUTOGENERATED FILE. DO NOT EDIT THIS FILE DIRECTLY.
  # yarn lockfile v1
